[0mGET / [33m404 [0m5.579 ms - 13[0m
[0mGET /favicon.ico [33m404 [0m2.807 ms - 24[0m
[0mGET / [33m404 [0m8.414 ms - 148[0m
[0mGET / [32m200 [0m9.924 ms - 205[0m
[0mGET /dist/build.js [32m200 [0m2.332 ms - 170709[0m
[0mGET / [36m304 [0m0.956 ms - -[0m
[0mGET /dist/build.js [36m304 [0m1.140 ms - -[0m
[0mGET / [32m200 [0m5.911 ms - 205[0m
[0mGET /dist/build.js [32m200 [0m1.493 ms - 170709[0m
[0mGET / [32m200 [0m12.565 ms - 194[0m
[0mGET /dist/build.js [32m200 [0m5.399 ms - 186749[0m
[0mGET / [32m200 [0m2.331 ms - 194[0m
[0mGET /dist/build.js [32m200 [0m3.260 ms - 186749[0m
[0mGET /dist/build.js [32m200 [0m0.689 ms - 186749[0m
[0mGET / [32m200 [0m13.885 ms - 193[0m
[0mGET /dist/build.js [32m200 [0m4.729 ms - 186749[0m
[0mGET / [32m200 [0m3.383 ms - 193[0m
[0mGET /dist/build.js [32m200 [0m3.779 ms - 186749[0m
[0mGET / [36m304 [0m6.067 ms - -[0m
[0mGET /dist/build.js [32m200 [0m4.388 ms - 186749[0m
[0mGET / [32m200 [0m12.857 ms - 193[0m
[0mGET /dist/build.js [32m200 [0m19.295 ms - 193[0m
[0mGET / [32m200 [0m7.132 ms - 198[0m
[0mGET /dist/app.bundle.js [32m200 [0m4.929 ms - 2803[0m
[0mGET / [32m200 [0m1.479 ms - 198[0m
[0mGET /dist/app.bundle.js [32m200 [0m1.266 ms - 2803[0m
[0mGET / [32m200 [0m7.718 ms - 198[0m
[0mGET /dist/app.bundle.js [32m200 [0m4.872 ms - 2803[0m
[0mGET / [32m200 [0m2.035 ms - 198[0m
[0mGET /dist/app.bundle.js [32m200 [0m0.916 ms - 2803[0m
[0mGET / [32m200 [0m9.859 ms - 198[0m
[0mGET /dist/app.bundle.js [32m200 [0m4.262 ms - 231976[0m
[0mGET / [32m200 [0m1.886 ms - 198[0m
[0mGET /dist/app.bundle.js [32m200 [0m1.108 ms - 231976[0m
[0mGET / [32m200 [0m8.489 ms - 232[0m
[0mGET /dist/app.bundle.js [32m200 [0m4.587 ms - 283879[0m
[0mGET / [32m200 [0m13.089 ms - 402[0m
[0mGET /dist/app.bundle.js [32m200 [0m5.309 ms - 283953[0m
[0mGET / [32m200 [0m18.005 ms - 402[0m
[0mGET /dist/app.bundle.js [32m200 [0m5.784 ms - 637583[0m
[0mGET / [32m200 [0m1.516 ms - 402[0m
[0mGET /dist/app.bundle.js [32m200 [0m1.032 ms - 637583[0m
[0mGET / [32m200 [0m14.208 ms - 402[0m
[0mGET /dist/app.bundle.js [32m200 [0m10.018 ms - 701644[0m
[0mGET / [32m200 [0m2.804 ms - 503[0m
[0mGET /dist/app.bundle.js [32m200 [0m1.364 ms - 701644[0m
[0mGET / [32m200 [0m0.736 ms - 503[0m
[0mGET /dist/app.bundle.js [32m200 [0m3.763 ms - 701644[0m
[0mGET / [32m200 [0m0.529 ms - 503[0m
[0mGET /dist/app.bundle.js [32m200 [0m1.708 ms - 701644[0m
[0mGET / [32m200 [0m9.354 ms - 503[0m
[0mGET /dist/app.bundle.js [32m200 [0m3.628 ms - 305143[0m
[0mGET / [32m200 [0m10.609 ms - 544[0m
[0mGET /dist/app.bundle.js [32m200 [0m3.764 ms - 305204[0m
[0mGET /? [32m200 [0m2.298 ms - 544[0m
[0mGET /dist/app.bundle.js [32m200 [0m1.842 ms - 305204[0m
[0mGET /? [32m200 [0m15.750 ms - 544[0m
[0mGET /dist/app.bundle.js [32m200 [0m4.569 ms - 701806[0m
[0mGET /? [32m200 [0m10.352 ms - 544[0m
[0mGET /dist/app.bundle.js [32m200 [0m15.779 ms - 740309[0m
[0mPOST /auth [32m200 [0m82.452 ms - 13[0m
[0mGET /? [32m200 [0m16.717 ms - 571[0m
[0mGET /dist/app.bundle.js [32m200 [0m38.855 ms - 740353[0m
[0mGET /? [32m200 [0m21.427 ms - 571[0m
[0mGET /dist/app.bundle.js [32m200 [0m27.260 ms - 740353[0m
[0mPOST /auth [32m200 [0m139.602 ms - 69[0m
[0mGET /? [32m200 [0m83.703 ms - 571[0m
[0mGET /dist/app.bundle.js [32m200 [0m8.814 ms - 740353[0m
[0mPOST /auth [32m200 [0m282.915 ms - 38[0m
[0mGET /? [32m200 [0m2.953 ms - 571[0m
[0mGET /dist/app.bundle.js [32m200 [0m4.217 ms - 740353[0m
[0mPOST /auth [32m200 [0m115.981 ms - 38[0m
[0mPOST /auth [32m200 [0m190.808 ms - 457[0m
[0mPOST /auth [32m200 [0m116.917 ms - 457[0m
[0mPOST /auth [32m200 [0m229.346 ms - 457[0m
[0mGET /? [32m200 [0m9.732 ms - 571[0m
[0mGET /dist/app.bundle.js [32m200 [0m6.290 ms - 740353[0m
[0mPOST /auth [32m200 [0m176.237 ms - 321[0m
[0mGET /? [32m200 [0m8.227 ms - 571[0m
[0mGET /dist/app.bundle.js [32m200 [0m5.359 ms - 740468[0m
[0mPOST /auth [32m200 [0m229.790 ms - 321[0m
[0mPOST /auth [32m200 [0m131.519 ms - 321[0m
[0mGET /? [32m200 [0m122.029 ms - 571[0m
[0mGET /dist/app.bundle.js [32m200 [0m15.804 ms - 740540[0m
[0mPOST /auth [32m200 [0m327.897 ms - 69[0m
[0mGET /? [32m200 [0m15.638 ms - 571[0m
[0mGET /dist/app.bundle.js [32m200 [0m16.804 ms - 740540[0m
[0mPOST /auth [32m200 [0m240.643 ms - 321[0m
[0mGET /? [32m200 [0m12.119 ms - 570[0m
[0mGET /dist/app.bundle.js [32m200 [0m7.281 ms - 740528[0m
[0mPOST /auth [32m200 [0m398.478 ms - 321[0m
[0mPOST /auth [32m200 [0m126.570 ms - 321[0m
[0mPOST /auth [32m200 [0m116.612 ms - 321[0m
[0mPOST /auth [32m200 [0m111.470 ms - 321[0m
[0mGET /? [32m200 [0m17.329 ms - 570[0m
[0mGET /dist/app.bundle.js [32m200 [0m5.407 ms - 740552[0m
[0mPOST /auth [32m200 [0m251.517 ms - 321[0m
[0mPOST /auth [32m200 [0m198.027 ms - 321[0m
[0mGET / [32m200 [0m6.963 ms - 570[0m
[0mGET /dist/app.bundle.js [32m200 [0m12.425 ms - 740540[0m
[0mGET /favicon.ico [32m200 [0m1.387 ms - 570[0m
[0mPOST /auth [32m200 [0m179.037 ms - 321[0m
